#
# A fatal error has been detected by the Java Runtime Environment:
#
#  EXCEPTION_ACCESS_VIOLATION (0xc0000005) at pc=0x7a74757e, pid=17144, tid=0x000039f0
#
# JRE version: Java(TM) SE Runtime Environment (8.0_191-b12) (build 1.8.0_191-b12)
# Java VM: Java HotSpot(TM) Client VM (25.191-b12 mixed mode windows-x86 )
# Problematic frame:
# V  [jvm.dll+0xe757e]
#
# Failed to write core dump. Minidumps are not enabled by default on client versions of Windows
#
# If you would like to submit a bug report, please visit:
#   http://bugreport.java.com/bugreport/crash.jsp
#

---------------  T H R E A D  ---------------

Current thread (0x29e3d000):  JavaThread "EventThread COM4" [_thread_in_vm, id=14832, stack(0x01610000,0x01660000)]

siginfo: ExceptionCode=0xc0000005, reading address 0x00000000

Registers:
EAX=0x00000000, EBX=0x27caf5c8, ECX=0x29e3d000, EDX=0x0000009f
ESP=0x0165edfc, EBP=0x0165ee18, ESI=0x00000000, EDI=0x29e3d000
EIP=0x7a74757e, EFLAGS=0x00010246

Top of Stack: (sp=0x0165edfc)
0x0165edfc:   0165ee34 29e3d140 27caf5c8 29e3d000
0x0165ee0c:   28195164 0000009f 7a945568 0165f788
0x0165ee1c:   6400183d 29e3d140 00000000 00000000
0x0165ee2c:   0000090c 0165ee34 6f697463 6166206e
0x0165ee3c:   64656c69 6f630a0d 63656e6e 6e6f6974
0x0165ee4c:   69616620 0d64656c 6e6f630a 7463656e
0x0165ee5c:   206e6f69 6c696166 0a0d6465 6e6e6f63
0x0165ee6c:   69746365 66206e6f 656c6961 630a0d64 

Instructions: (pc=0x7a74757e)
0x7a74755e:   c4 08 83 7f 04 00 89 7d f0 c7 45 f4 00 00 00 00
0x7a74756e:   74 08 8d 4d f0 e8 e8 34 0c 00 8b 75 10 8b 45 0c
0x7a74757e:   8b 10 85 f6 78 32 8b 45 14 85 c0 78 2b 8d 0c 06
0x7a74758e:   3b 4a 08 77 23 85 c0 7e 3b 8b 4a 04 8b 49 04 83 


Register to memory mapping:

EAX=0x00000000 is an unknown value
EBX=0x27caf5c8 is an unknown value
ECX=0x29e3d000 is a thread
EDX=0x0000009f is an unknown value
ESP=0x0165edfc is pointing into the stack for thread: 0x29e3d000
EBP=0x0165ee18 is pointing into the stack for thread: 0x29e3d000
ESI=0x00000000 is an unknown value
EDI=0x29e3d000 is a thread


Stack: [0x01610000,0x01660000],  sp=0x0165edfc,  free space=315k
Native frames: (J=compiled Java code, j=interpreted, Vv=VM code, C=native code)
V  [jvm.dll+0xe757e]
C  [jSSC-2.8_x86.dll+0x183d]
J 12972  jssc.SerialNativeInterface.readBytes(JI)[B (0 bytes) @ 0x034913a5 [0x03491310+0x95]
J 11459 C1 jssc.SerialPort$EventThread.run()V (84 bytes) @ 0x03459630 [0x034593c0+0x270]
v  ~StubRoutines::call_stub
V  [jvm.dll+0x15c315]
V  [jvm.dll+0x223ece]
V  [jvm.dll+0x15c3ae]
V  [jvm.dll+0x15c536]
V  [jvm.dll+0x15c5a7]
V  [jvm.dll+0x1002ef]
V  [jvm.dll+0x17f550]
V  [jvm.dll+0x17fdca]
V  [jvm.dll+0x1c57a6]
C  [msvcr100.dll+0x5c556]
C  [msvcr100.dll+0x5c600]
C  [KERNEL32.DLL+0x1fa29]
C  [ntdll.dll+0x67a9e]
C  [ntdll.dll+0x67a6e]
C  0x00000000

Java frames: (J=compiled Java code, j=interpreted, Vv=VM code)
J 12972  jssc.SerialNativeInterface.readBytes(JI)[B (0 bytes) @ 0x03491361 [0x03491310+0x51]
J 11459 C1 jssc.SerialPort$EventThread.run()V (84 bytes) @ 0x03459630 [0x034593c0+0x270]
v  ~StubRoutines::call_stub

---------------  P R O C E S S  ---------------

Java Threads: ( => current thread )
=>0x29e3d000 JavaThread "EventThread COM4" [_thread_in_vm, id=14832, stack(0x01610000,0x01660000)]
  0x29e42000 JavaThread "DestroyJavaVM" [_thread_blocked, id=11492, stack(0x02fe0000,0x03030000)]
  0x29e3b800 JavaThread "TimerQueue" daemon [_thread_blocked, id=10416, stack(0x2b300000,0x2b350000)]
  0x286f9c00 JavaThread "AWT-EventQueue-0" [_thread_blocked, id=6824, stack(0x2ad90000,0x2ade0000)]
  0x286fb400 JavaThread "AWT-Shutdown" [_thread_blocked, id=6852, stack(0x2ad00000,0x2ad50000)]
  0x286fa800 JavaThread "Batik CleanerThread" daemon [_thread_blocked, id=3924, stack(0x29a10000,0x29a60000)]
  0x2863c000 JavaThread "JmDNS(192-168-1-12.local.).State.Timer" [_thread_blocked, id=13212, stack(0x29500000,0x29550000)]
  0x2863bc00 JavaThread "JmDNS(192-168-1-12.local.).Timer" daemon [_thread_blocked, id=8656, stack(0x29470000,0x294c0000)]
  0x28639400 JavaThread "SocketListener(192-168-1-12.local.)" daemon [_thread_in_native, id=15864, stack(0x293e0000,0x29430000)]
  0x2848e400 JavaThread "Multihomed mDNS.Timer" daemon [_thread_blocked, id=1776, stack(0x27de0000,0x27e30000)]
  0x2848dc00 JavaThread "cc.arduino.packages.discoverers.serial.SerialDiscovery" [_thread_blocked, id=10964, stack(0x27e90000,0x27ee0000)]
  0x27042c00 JavaThread "AWT-Windows" daemon [_thread_in_native, id=13888, stack(0x27530000,0x27580000)]
  0x27041400 JavaThread "Java2D Disposer" daemon [_thread_blocked, id=16400, stack(0x27410000,0x27460000)]
  0x266a4000 JavaThread "Service Thread" daemon [_thread_blocked, id=5852, stack(0x26cb0000,0x26d00000)]
  0x2668f400 JavaThread "C1 CompilerThread0" daemon [_thread_blocked, id=8796, stack(0x26c20000,0x26c70000)]
  0x2668dc00 JavaThread "Attach Listener" daemon [_thread_blocked, id=9728, stack(0x26b90000,0x26be0000)]
  0x2668b400 JavaThread "Signal Dispatcher" daemon [_thread_blocked, id=15788, stack(0x26b00000,0x26b50000)]
  0x2666d400 JavaThread "Finalizer" daemon [_thread_blocked, id=644, stack(0x26970000,0x269c0000)]
  0x26667400 JavaThread "Reference Handler" daemon [_thread_blocked, id=9996, stack(0x268e0000,0x26930000)]

Other Threads:
  0x26651800 VMThread [stack: 0x26850000,0x268a0000] [id=10304]
  0x266b7400 WatcherThread [stack: 0x26d40000,0x26d90000] [id=13380]

VM state:synchronizing (normal execution)

VM Mutex/Monitor currently owned by a thread:  ([mutex/lock_event])
[0x0304eaa0] Threads_lock - owner thread: 0x26651800
[0x0304e7c8] Heap_lock - owner thread: 0x2863c000

Heap:
 def new generation   total 157248K, used 157247K [0x05600000, 0x100a0000, 0x100a0000)
  eden space 139776K, 100% used [0x05600000, 0x0de80000, 0x0de80000)
  from space 17472K,  99% used [0x0de80000, 0x0ef8fff8, 0x0ef90000)
  to   space 17472K,   0% used [0x0ef90000, 0x0ef90000, 0x100a0000)
 tenured generation   total 349568K, used 349567K [0x100a0000, 0x25600000, 0x25600000)
   the space 349568K,  99% used [0x100a0000, 0x255ffff0, 0x25600000, 0x25600000)
 Metaspace       used 26653K, capacity 27230K, committed 27392K, reserved 28032K

Card table byte_map: [0x05490000,0x055a0000] byte_map_base: 0x05465000

Polling page: 0x01760000

CodeCache: size=32768Kb used=2486Kb max_used=5169Kb free=30281Kb
 bounds [0x032d0000, 0x037e0000, 0x052d0000]
 total_blobs=1613 nmethods=1300 adapters=242
 compilation: enabled

Compilation events (10 events):
Event: 5884.929 Thread 0x2668f400 18956             sun.font.TextLabel::<init> (5 bytes)
Event: 5884.929 Thread 0x2668f400 nmethod 18956 0x034ce8c8 code [0x034ce9c0, 0x034cea40]
Event: 5884.929 Thread 0x2668f400 18957             java.util.Hashtable::access$400 (5 bytes)
Event: 5884.929 Thread 0x2668f400 nmethod 18957 0x0360c5c8 code [0x0360c6c0, 0x0360c730]
Event: 5887.237 Thread 0x2668f400 18958             javax.swing.text.DefaultStyledDocument$ElementSpec::<init> (38 bytes)
Event: 5887.237 Thread 0x2668f400 nmethod 18958 0x03396e48 code [0x03396f40, 0x03397000]
Event: 5887.237 Thread 0x2668f400 18959             javax.swing.text.StyleContext$SmallAttributeSet::getLocalAttribute (49 bytes)
Event: 5887.237 Thread 0x2668f400 nmethod 18959 0x033c92c8 code [0x033c93e0, 0x033c951c]
Event: 5889.154 Thread 0x2668f400 18960             sun.text.bidi.BidiBase::resolveExplicitLevels (674 bytes)
Event: 5889.536 Thread 0x2668f400 nmethod 18960 0x033b0788 code [0x033b08e0, 0x033b1168]

GC Heap History (10 events):
Event: 5891.474 GC heap before
{Heap before GC invocations=2110 (full 1155):
 def new generation   total 157248K, used 157247K [0x05600000, 0x100a0000, 0x100a0000)
  eden space 139776K, 100% used [0x05600000, 0x0de80000, 0x0de80000)
  from space 17472K,  99% used [0x0de80000, 0x0ef8ffe8, 0x0ef90000)
  to   space 17472K,   0% used [0x0ef90000, 0x0ef90000, 0x100a0000)
 tenured generation   total 349568K, used 349567K [0x100a0000, 0x25600000, 0x25600000)
   the space 349568K,  99% used [0x100a0000, 0x255ffff0, 0x25600000, 0x25600000)
 Metaspace       used 26653K, capacity 27230K, committed 27392K, reserved 28032K
Event: 5891.855 GC heap after
Heap after GC invocations=2111 (full 1156):
 def new generation   total 157248K, used 157247K [0x05600000, 0x100a0000, 0x100a0000)
  eden space 139776K, 100% used [0x05600000, 0x0de80000, 0x0de80000)
  from space 17472K,  99% used [0x0de80000, 0x0ef8ffe8, 0x0ef90000)
  to   space 17472K,   0% used [0x0ef90000, 0x0ef90000, 0x100a0000)
 tenured generation   total 349568K, used 349567K [0x100a0000, 0x25600000, 0x25600000)
   the space 349568K,  99% used [0x100a0000, 0x255ffe00, 0x255ffe00, 0x25600000)
 Metaspace       used 26653K, capacity 27230K, committed 27392K, reserved 28032K
}
Event: 5891.855 GC heap before
{Heap before GC invocations=2111 (full 1156):
 def new generation   total 157248K, used 157248K [0x05600000, 0x100a0000, 0x100a0000)
  eden space 139776K, 100% used [0x05600000, 0x0de80000, 0x0de80000)
  from space 17472K, 100% used [0x0de80000, 0x0ef90000, 0x0ef90000)
  to   space 17472K,   0% used [0x0ef90000, 0x0ef90000, 0x100a0000)
 tenured generation   total 349568K, used 349567K [0x100a0000, 0x25600000, 0x25600000)
   the space 349568K,  99% used [0x100a0000, 0x255fff28, 0x25600000, 0x25600000)
 Metaspace       used 26653K, capacity 27230K, committed 27392K, reserved 28032K
Event: 5892.236 GC heap after
Heap after GC invocations=2112 (full 1157):
 def new generation   total 157248K, used 157248K [0x05600000, 0x100a0000, 0x100a0000)
  eden space 139776K, 100% used [0x05600000, 0x0de80000, 0x0de80000)
  from space 17472K, 100% used [0x0de80000, 0x0ef90000, 0x0ef90000)
  to   space 17472K,   0% used [0x0ef90000, 0x0ef90000, 0x100a0000)
 tenured generation   total 349568K, used 349567K [0x100a0000, 0x25600000, 0x25600000)
   the space 349568K,  99% used [0x100a0000, 0x255fff28, 0x25600000, 0x25600000)
 Metaspace       used 26653K, capacity 27230K, committed 27392K, reserved 28032K
}
Event: 5892.236 GC heap before
{Heap before GC invocations=2112 (full 1157):
 def new generation   total 157248K, used 157248K [0x05600000, 0x100a0000, 0x100a0000)
  eden space 139776K, 100% used [0x05600000, 0x0de80000, 0x0de80000)
  from space 17472K, 100% used [0x0de80000, 0x0ef90000, 0x0ef90000)
  to   space 17472K,   0% used [0x0ef90000, 0x0ef90000, 0x100a0000)
 tenured generation   total 349568K, used 349567K [0x100a0000, 0x25600000, 0x25600000)
   the space 349568K,  99% used [0x100a0000, 0x255fff28, 0x25600000, 0x25600000)
 Metaspace       used 26653K, capacity 27230K, committed 27392K, reserved 28032K
Event: 5892.618 GC heap after
Heap after GC invocations=2113 (full 1158):
 def new generation   total 157248K, used 157248K [0x05600000, 0x100a0000, 0x100a0000)
  eden space 139776K, 100% used [0x05600000, 0x0de80000, 0x0de80000)
  from space 17472K, 100% used [0x0de80000, 0x0ef90000, 0x0ef90000)
  to   space 17472K,   0% used [0x0ef90000, 0x0ef90000, 0x100a0000)
 tenured generation   total 349568K, used 349567K [0x100a0000, 0x25600000, 0x25600000)
   the space 349568K,  99% used [0x100a0000, 0x255fff28, 0x25600000, 0x25600000)
 Metaspace       used 26653K, capacity 27230K, committed 27392K, reserved 28032K
}
Event: 5892.618 GC heap before
{Heap before GC invocations=2113 (full 1158):
 def new generation   total 157248K, used 157248K [0x05600000, 0x100a0000, 0x100a0000)
  eden space 139776K, 100% used [0x05600000, 0x0de80000, 0x0de80000)
  from space 17472K, 100% used [0x0de80000, 0x0ef90000, 0x0ef90000)
  to   space 17472K,   0% used [0x0ef90000, 0x0ef90000, 0x100a0000)
 tenured generation   total 349568K, used 349567K [0x100a0000, 0x25600000, 0x25600000)
   the space 349568K,  99% used [0x100a0000, 0x255fff50, 0x25600000, 0x25600000)
 Metaspace       used 26653K, capacity 27230K, committed 27392K, reserved 28032K
Event: 5893.000 GC heap after
Heap after GC invocations=2114 (full 1159):
 def new generation   total 157248K, used 157247K [0x05600000, 0x100a0000, 0x100a0000)
  eden space 139776K, 100% used [0x05600000, 0x0de80000, 0x0de80000)
  from space 17472K,  99% used [0x0de80000, 0x0ef8ffe8, 0x0ef90000)
  to   space 17472K,   0% used [0x0ef90000, 0x0ef90000, 0x100a0000)
 tenured generation   total 349568K, used 349567K [0x100a0000, 0x25600000, 0x25600000)
   the space 349568K,  99% used [0x100a0000, 0x255fff50, 0x25600000, 0x25600000)
 Metaspace       used 26653K, capacity 27230K, committed 27392K, reserved 28032K
}
Event: 5893.000 GC heap before
{Heap before GC invocations=2114 (full 1159):
 def new generation   total 157248K, used 157247K [0x05600000, 0x100a0000, 0x100a0000)
  eden space 139776K, 100% used [0x05600000, 0x0de80000, 0x0de80000)
  from space 17472K,  99% used [0x0de80000, 0x0ef8ffe8, 0x0ef90000)
  to   space 17472K,   0% used [0x0ef90000, 0x0ef90000, 0x100a0000)
 tenured generation   total 349568K, used 349567K [0x100a0000, 0x25600000, 0x25600000)
   the space 349568K,  99% used [0x100a0000, 0x255fff50, 0x25600000, 0x25600000)
 Metaspace       used 26653K, capacity 27230K, committed 27392K, reserved 28032K
Event: 5893.381 GC heap after
Heap after GC invocations=2115 (full 1160):
 def new generation   total 157248K, used 157247K [0x05600000, 0x100a0000, 0x100a0000)
  eden space 139776K, 100% used [0x05600000, 0x0de80000, 0x0de80000)
  from space 17472K,  99% used [0x0de80000, 0x0ef8ffe8, 0x0ef90000)
  to   space 17472K,   0% used [0x0ef90000, 0x0ef90000, 0x100a0000)
 tenured generation   total 349568K, used 349567K [0x100a0000, 0x25600000, 0x25600000)
   the space 349568K,  99% used [0x100a0000, 0x255ffe10, 0x25600000, 0x25600000)
 Metaspace       used 26653K, capacity 27230K, committed 27392K, reserved 28032K
}

Deoptimization events (0 events):
No events

Classes redefined (0 events):
No events

Internal exceptions (10 events):
Event: 5886.467 Thread 0x286f9c00 Exception <a 'java/io/IOException'> (0x0ef5d1c0) thrown at [C:\workspace\8-2-build-windows-i586-cygwin\jdk8u191\11896\hotspot\src\share\vm\prims\jni.cpp, line 709]
Event: 5887.236 Thread 0x286f9c00 Exception <a 'java/lang/OutOfMemoryError'> (0x100f8828) thrown at [C:\workspace\8-2-build-windows-i586-cygwin\jdk8u191\11896\hotspot\src\share\vm\gc_interface/collectedHeap.inline.hpp, line 159]
Event: 5887.236 Thread 0x286f9c00 Exception <a 'java/lang/OutOfMemoryError'> (0x100f8828) thrown at [C:\workspace\8-2-build-windows-i586-cygwin\jdk8u191\11896\hotspot\src\share\vm\prims\jvm.cpp, line 1439]
Event: 5887.236 Thread 0x286f9c00 Exception <a 'java/lang/OutOfMemoryError'> (0x100f8828) thrown at [C:\workspace\8-2-build-windows-i586-cygwin\jdk8u191\11896\hotspot\src\share\vm\prims\jvm.cpp, line 1439]
Event: 5887.236 Thread 0x286f9c00 Exception <a 'java/io/IOException'> (0x0ef56180) thrown at [C:\workspace\8-2-build-windows-i586-cygwin\jdk8u191\11896\hotspot\src\share\vm\prims\jni.cpp, line 709]
Event: 5887.236 Thread 0x286f9c00 Exception <a 'java/io/IOException'> (0x0ef56858) thrown at [C:\workspace\8-2-build-windows-i586-cygwin\jdk8u191\11896\hotspot\src\share\vm\prims\jni.cpp, line 709]
Event: 5887.236 Thread 0x286f9c00 Exception <a 'java/io/IOException'> (0x0ef56bb8) thrown at [C:\workspace\8-2-build-windows-i586-cygwin\jdk8u191\11896\hotspot\src\share\vm\prims\jni.cpp, line 709]
Event: 5887.236 Thread 0x286f9c00 Exception <a 'java/io/IOException'> (0x0ef56e00) thrown at [C:\workspace\8-2-build-windows-i586-cygwin\jdk8u191\11896\hotspot\src\share\vm\prims\jni.cpp, line 709]
Event: 5892.618 Thread 0x2863c000 Exception <a 'java/lang/OutOfMemoryError'> (0x100f8828) thrown at [C:\workspace\8-2-build-windows-i586-cygwin\jdk8u191\11896\hotspot\src\share\vm\gc_interface/collectedHeap.inline.hpp, line 159]
Event: 5893.381 Thread 0x29e3d000 Exception <a 'java/lang/OutOfMemoryError'> (0x100f8828) thrown at [C:\workspace\8-2-build-windows-i586-cygwin\jdk8u191\11896\hotspot\src\share\vm\gc_interface/collectedHeap.inline.hpp, line 159]

Events (10 events):
Event: 5891.091 Executing VM operation: GenCollectForAllocation done
Event: 5891.091 Executing VM operation: GenCollectForAllocation
Event: 5891.474 Executing VM operation: GenCollectForAllocation done
Event: 5891.474 Executing VM operation: GenCollectForAllocation
Event: 5891.855 Executing VM operation: GenCollectForAllocation done
Event: 5891.855 Executing VM operation: GenCollectForAllocation
Event: 5892.618 Executing VM operation: GenCollectForAllocation done
Event: 5892.618 Executing VM operation: GenCollectForAllocation
Event: 5893.381 Executing VM operation: GenCollectForAllocation done
Event: 5893.381 Executing VM operation: GenCollectForAllocation


Dynamic libraries:
0x00890000 - 0x008c3000 	C:\Program Files (x86)\Arduino\java\bin\javaw.exe
0x77b90000 - 0x77d33000 	C:\WINDOWS\SYSTEM32\ntdll.dll
0x77800000 - 0x778f0000 	C:\WINDOWS\System32\KERNEL32.DLL
0x75bb0000 - 0x75dc4000 	C:\WINDOWS\System32\KERNELBASE.dll
0x75fd0000 - 0x7604a000 	C:\WINDOWS\System32\ADVAPI32.dll
0x76da0000 - 0x76e5f000 	C:\WINDOWS\System32\msvcrt.dll
0x76d20000 - 0x76d95000 	C:\WINDOWS\System32\sechost.dll
0x767a0000 - 0x7685f000 	C:\WINDOWS\System32\RPCRT4.dll
0x77990000 - 0x77b30000 	C:\WINDOWS\System32\USER32.dll
0x76780000 - 0x76798000 	C:\WINDOWS\System32\win32u.dll
0x75a50000 - 0x75a74000 	C:\WINDOWS\System32\GDI32.dll
0x769b0000 - 0x76a8e000 	C:\WINDOWS\System32\gdi32full.dll
0x75dd0000 - 0x75e4b000 	C:\WINDOWS\System32\msvcp_win.dll
0x75eb0000 - 0x75fd0000 	C:\WINDOWS\System32\ucrtbase.dll
0x73760000 - 0x73970000 	C:\WINDOWS\WinSxS\x86_microsoft.windows.common-controls_6595b64144ccf1df_6.0.19041.1110_none_a8625c1886757984\COMCTL32.dll
0x76ec0000 - 0x76ee5000 	C:\WINDOWS\System32\IMM32.DLL
0x7aa40000 - 0x7aaff000 	C:\Program Files (x86)\Arduino\java\bin\msvcr100.dll
0x7a660000 - 0x7aa33000 	C:\Program Files (x86)\Arduino\java\bin\client\jvm.dll
0x766c0000 - 0x766c6000 	C:\WINDOWS\System32\PSAPI.DLL
0x6b680000 - 0x6b688000 	C:\WINDOWS\SYSTEM32\WSOCK32.dll
0x74010000 - 0x74038000 	C:\WINDOWS\SYSTEM32\WINMM.dll
0x75760000 - 0x75768000 	C:\WINDOWS\SYSTEM32\VERSION.dll
0x77510000 - 0x77573000 	C:\WINDOWS\System32\WS2_32.dll
0x7a4e0000 - 0x7a510000 	C:\Program Files (x86)\Arduino\java\bin\splashscreen.dll
0x73300000 - 0x73374000 	C:\WINDOWS\system32\uxtheme.dll
0x76a90000 - 0x76d11000 	C:\WINDOWS\System32\combase.dll
0x7a450000 - 0x7a45c000 	C:\Program Files (x86)\Arduino\java\bin\verify.dll
0x7a4b0000 - 0x7a4d2000 	C:\Program Files (x86)\Arduino\java\bin\java.dll
0x75a80000 - 0x75b54000 	C:\WINDOWS\System32\MSCTF.dll
0x778f0000 - 0x77986000 	C:\WINDOWS\System32\OLEAUT32.dll
0x7a570000 - 0x7a584000 	C:\Program Files (x86)\Arduino\java\bin\zip.dll
0x74df0000 - 0x74dff000 	C:\WINDOWS\SYSTEM32\kernel.appcore.dll
0x768f0000 - 0x7694f000 	C:\WINDOWS\System32\bcryptPrimitives.dll
0x64df0000 - 0x64ea9000 	C:\WINDOWS\SYSTEM32\textinputframework.dll
0x662e0000 - 0x6655e000 	C:\WINDOWS\System32\CoreUIComponents.dll
0x66640000 - 0x666db000 	C:\WINDOWS\System32\CoreMessaging.dll
0x766e0000 - 0x76767000 	C:\WINDOWS\System32\SHCORE.dll
0x74dc0000 - 0x74de9000 	C:\WINDOWS\SYSTEM32\ntmarta.dll
0x66560000 - 0x6663b000 	C:\WINDOWS\SYSTEM32\wintypes.dll
0x76050000 - 0x76606000 	C:\WINDOWS\System32\SHELL32.dll
0x74e50000 - 0x7545c000 	C:\WINDOWS\SYSTEM32\windows.storage.dll
0x74e20000 - 0x74e45000 	C:\WINDOWS\SYSTEM32\Wldp.dll
0x75b60000 - 0x75ba5000 	C:\WINDOWS\System32\shlwapi.dll
0x74e00000 - 0x74e18000 	C:\WINDOWS\SYSTEM32\profapi.dll
0x61940000 - 0x619b3000 	C:\Program Files (x86)\Arduino\lib\listSerialsj.dll
0x76fd0000 - 0x7740c000 	C:\WINDOWS\System32\SETUPAPI.dll
0x76e60000 - 0x76e9b000 	C:\WINDOWS\System32\cfgmgr32.dll
0x77580000 - 0x77599000 	C:\WINDOWS\System32\bcrypt.dll
0x7a590000 - 0x7a5ad000 	C:\Program Files (x86)\Arduino\lib\jnidispatch-4.2.2-win32-x86.dll
0x77710000 - 0x777f3000 	C:\WINDOWS\System32\Ole32.dll
0x7a510000 - 0x7a525000 	C:\Program Files (x86)\Arduino\java\bin\net.dll
0x746e0000 - 0x74732000 	C:\WINDOWS\system32\mswsock.dll
0x7a460000 - 0x7a46f000 	C:\Program Files (x86)\Arduino\java\bin\nio.dll
0x7ab00000 - 0x7ac47000 	C:\Program Files (x86)\Arduino\java\bin\awt.dll
0x74050000 - 0x740ef000 	C:\WINDOWS\SYSTEM32\apphelp.dll
0x732b0000 - 0x732d6000 	C:\WINDOWS\system32\DWMAPI.DLL
0x7a530000 - 0x7a569000 	C:\Program Files (x86)\Arduino\java\bin\fontmanager.dll
0x66b10000 - 0x66c13000 	C:\WINDOWS\system32\opengl32.dll
0x66810000 - 0x6684f000 	C:\WINDOWS\SYSTEM32\GLU32.dll
0x7a620000 - 0x7a652000 	C:\Program Files (x86)\Arduino\java\bin\t2k.dll
0x7a470000 - 0x7a47a000 	C:\Program Files (x86)\Arduino\java\bin\management.dll
0x72e00000 - 0x72e11000 	C:\WINDOWS\system32\napinsp.dll
0x72de0000 - 0x72df6000 	C:\WINDOWS\system32\pnrpnsp.dll
0x72dd0000 - 0x72de0000 	C:\WINDOWS\system32\wshbth.dll
0x72db0000 - 0x72dc6000 	C:\WINDOWS\system32\NLAapi.dll
0x75510000 - 0x75542000 	C:\WINDOWS\SYSTEM32\IPHLPAPI.DLL
0x72e30000 - 0x72ec1000 	C:\WINDOWS\SYSTEM32\DNSAPI.dll
0x766d0000 - 0x766d7000 	C:\WINDOWS\System32\NSI.dll
0x72da0000 - 0x72dae000 	C:\WINDOWS\System32\winrnr.dll
0x72d40000 - 0x72d98000 	C:\WINDOWS\System32\fwpuclnt.dll
0x72e20000 - 0x72e28000 	C:\Windows\System32\rasadhlp.dll
0x6b5a0000 - 0x6b5b4000 	C:\WINDOWS\SYSTEM32\dhcpcsvc6.DLL
0x73a90000 - 0x73aa6000 	C:\WINDOWS\SYSTEM32\dhcpcsvc.DLL
0x73160000 - 0x73173000 	C:\WINDOWS\SYSTEM32\CRYPTSP.dll
0x73130000 - 0x7315f000 	C:\WINDOWS\system32\rsaenh.dll
0x744b0000 - 0x744d5000 	C:\WINDOWS\SYSTEM32\USERENV.dll
0x74520000 - 0x7452a000 	C:\WINDOWS\SYSTEM32\CRYPTBASE.dll
0x730b0000 - 0x730db000 	C:\WINDOWS\SYSTEM32\DEVOBJ.dll
0x77b30000 - 0x77b77000 	C:\WINDOWS\System32\WINTRUST.dll
0x77410000 - 0x7750a000 	C:\WINDOWS\System32\CRYPT32.dll
0x74120000 - 0x7412e000 	C:\WINDOWS\SYSTEM32\MSASN1.dll
0x7ac50000 - 0x7ac70000 	C:\Program Files (x86)\Arduino\java\bin\sunec.dll
0x7ac70000 - 0x7ac79000 	C:\Program Files (x86)\Arduino\java\bin\sunmscapi.dll
0x7a5b0000 - 0x7a619000 	C:\Program Files (x86)\Arduino\msvcp100.dll
0x7ac80000 - 0x7ad3e000 	C:\Program Files (x86)\Arduino\msvcr100.dll
0x29990000 - 0x299c2000 	C:\Program Files (x86)\Arduino\lib\AStylej.dll
0x7a480000 - 0x7a4a4000 	C:\Program Files (x86)\Arduino\java\bin\dcpr.dll
0x76ef0000 - 0x76f6e000 	C:\WINDOWS\System32\clbcatq.dll
0x799f0000 - 0x79b61000 	C:\WINDOWS\SYSTEM32\WindowsCodecs.dll
0x66030000 - 0x66061000 	C:\WINDOWS\system32\dataexchange.dll
0x692e0000 - 0x694c0000 	C:\WINDOWS\system32\d3d11.dll
0x65ec0000 - 0x66025000 	C:\WINDOWS\system32\dcomp.dll
0x69df0000 - 0x69eb3000 	C:\WINDOWS\system32\dxgi.dll
0x65d30000 - 0x65ebf000 	C:\WINDOWS\system32\twinapi.appcore.dll
0x69030000 - 0x6904b000 	C:\WINDOWS\SYSTEM32\edputil.dll
0x64000000 - 0x6401b000 	C:\Program Files (x86)\Arduino\lib\jSSC-2.8_x86.dll
0x76610000 - 0x766bf000 	C:\WINDOWS\System32\COMDLG32.dll
0x72f60000 - 0x73022000 	C:\WINDOWS\system32\propsys.dll
0x03150000 - 0x031d3000 	C:\Program Files (x86)\Common Files\microsoft shared\ink\tiptsf.dll
0x648f0000 - 0x64984000 	C:\WINDOWS\SYSTEM32\TextShaping.dll
0x64a20000 - 0x64a7c000 	C:\WINDOWS\SYSTEM32\ntshrui.dll
0x74530000 - 0x74551000 	C:\WINDOWS\SYSTEM32\SspiCli.dll
0x732e0000 - 0x732fd000 	C:\WINDOWS\SYSTEM32\srvcli.dll
0x698d0000 - 0x698de000 	C:\WINDOWS\SYSTEM32\cscapi.dll
0x79cc0000 - 0x79d0a000 	C:\Windows\System32\Windows.FileExplorer.Common.dll
0x73380000 - 0x735ab000 	C:\Windows\System32\iertutil.dll
0x79c30000 - 0x79cb1000 	C:\WINDOWS\System32\StructuredQuery.dll
0x79ba0000 - 0x79be8000 	C:\Windows\System32\thumbcache.dll
0x64990000 - 0x64a13000 	C:\WINDOWS\SYSTEM32\policymanager.dll
0x698e0000 - 0x69945000 	C:\WINDOWS\SYSTEM32\msvcp110_win.dll
0x79d10000 - 0x79dae000 	C:\WINDOWS\system32\Windows.Storage.Search.dll
0x79ed0000 - 0x7a02e000 	C:\Users\phongphamthuong\AppData\Local\Microsoft\OneDrive\21.230.1107.0004\i386\FileSyncShell.dll
0x74560000 - 0x7456a000 	C:\WINDOWS\SYSTEM32\Secur32.dll
0x6a4c0000 - 0x6a916000 	C:\WINDOWS\SYSTEM32\WININET.dll
0x744a0000 - 0x744af000 	C:\WINDOWS\SYSTEM32\WTSAPI32.dll
0x6b160000 - 0x6b175000 	C:\WINDOWS\SYSTEM32\samcli.dll
0x692c0000 - 0x692db000 	C:\WINDOWS\SYSTEM32\SAMLIB.dll
0x740f0000 - 0x740fb000 	C:\WINDOWS\SYSTEM32\netutils.dll
0x64030000 - 0x64049000 	C:\WINDOWS\SYSTEM32\MPR.dll
0x79db0000 - 0x79db9000 	C:\WINDOWS\System32\drprov.dll
0x6a0d0000 - 0x6a117000 	C:\WINDOWS\System32\WINSTA.dll
0x79dc0000 - 0x79dd9000 	C:\WINDOWS\System32\ntlanman.dll
0x79de0000 - 0x79df9000 	C:\WINDOWS\System32\davclnt.dll
0x79e00000 - 0x79e0a000 	C:\WINDOWS\System32\DAVHLPR.dll
0x731b0000 - 0x731c0000 	C:\WINDOWS\System32\wkscli.dll
0x79e10000 - 0x79e53000 	C:\Windows\System32\dlnashext.dll
0x79e60000 - 0x79ea9000 	C:\Windows\System32\PlayToDevice.dll
0x79eb0000 - 0x79ecb000 	C:\Windows\System32\DevDispItemProvider.dll

VM Arguments:
jvm_args: -Dsun.java2d.d3d=false -Djna.nosys=true -Djna.nounpack=true -Djna.boot.library.name=jnidispatch-4.2.2-win32-x86 -Djna.boot.library.path=C:\Program Files (x86)\Arduino/lib -Djssc.library.path=C:\Program Files (x86)\Arduino/lib -DAPP_DIR=C:\Program Files (x86)\Arduino -Xms128M -Xmx512M -Dfile.encoding=UTF8 -Djava.net.preferIPv4Stack=true 
java_command: processing.app.Base C:\Users\phongphamthuong\OneDrive\Desktop\webserver\webserver.ino
java_class_path (initial): C:\Program Files (x86)\Arduino\lib\apple.jar;C:\Program Files (x86)\Arduino\lib\arduino-core.jar;C:\Program Files (x86)\Arduino\lib\batik-1.8.jar;C:\Program Files (x86)\Arduino\lib\batik-anim-1.8.jar;C:\Program Files (x86)\Arduino\lib\batik-awt-util-1.8.jar;C:\Program Files (x86)\Arduino\lib\batik-bridge-1.8.jar;C:\Program Files (x86)\Arduino\lib\batik-codec-1.8.jar;C:\Program Files (x86)\Arduino\lib\batik-css-1.8.jar;C:\Program Files (x86)\Arduino\lib\batik-dom-1.8.jar;C:\Program Files (x86)\Arduino\lib\batik-ext-1.8.jar;C:\Program Files (x86)\Arduino\lib\batik-gvt-1.8.jar;C:\Program Files (x86)\Arduino\lib\batik-parser-1.8.jar;C:\Program Files (x86)\Arduino\lib\batik-rasterizer-1.8.jar;C:\Program Files (x86)\Arduino\lib\batik-script-1.8.jar;C:\Program Files (x86)\Arduino\lib\batik-squiggle-1.8.jar;C:\Program Files (x86)\Arduino\lib\batik-svg-dom-1.8.jar;C:\Program Files (x86)\Arduino\lib\batik-svgpp-1.8.jar;C:\Program Files (x86)\Arduino\lib\batik-transcoder-1.8.jar;C:\Program Files (x86)\Arduino\lib\batik-util-1.8.jar;C:\Program Files (x86)\Arduino\lib\batik-xml-1.8.jar;C:\Program Files (x86)\Arduino\lib\bcpg-jdk15on-152.jar;C:\Program Files (x86)\Arduino\lib\bcprov-jdk15on-152.jar;C:\Program Files (x86)\Arduino\lib\commons-codec-1.7.jar;C:\Program Files (x86)\Arduino\lib\commons-compress-1.8.jar;C:\Program Files (x86)\Arduino\lib\commons-exec-1.1.jar;C:\Program Files (x86)\Arduino\lib\commons-httpclient-3.1.jar;C:\Program Files (x86)\Arduino\lib\commons-lang3-3.8.1.jar;C:\Program Files (x86)\Arduino\lib\commons-logging-1.0.4.jar;C:\Program Files (x86)\Arduino\lib\commons-net-3.3.jar;C:\Program Files (x86)\Arduino\lib\commons-io-2.6.jar;C:\Program Files (x86)\Arduino\lib\jackson-annotations-2.9.5.jar;C:\Program Files (x86)\Arduino\lib\jackson-core-2.9.5.jar;C:\Program Files (x86)\Arduino\lib\jackson-databind-2.9.5.jar;C:\Program Files (x86)\Arduino\lib\java-semver-0.8.0.jar;C:\Program Files (x86)\Arduino\lib\jmdns-3.5.5.jar;C:\Program
Launcher Type: SUN_STANDARD

Environment Variables:
PATH=C:\Program Files\Common Files\Siemens\Automation\Simatic OAM\bin;C:\Program Files (x86)\Common Files\Oracle\Java\javapath;C:\WINDOWS\system32;C:\WINDOWS;C:\WINDOWS\System32\Wbem;C:\WINDOWS\System32\WindowsPowerShell\v1.0\;C:\WINDOWS\System32\OpenSSH\;C:\Program Files (x86)\NVIDIA Corporation\PhysX\Common;C:\Program Files (x86)\STMicroelectronics\STM32 ST-LINK Utility\ST-LINK Utility;F:\MATLAB\R2018a\runtime\win64;F:\MATLAB\R2018a\bin;C:\PROGRA~2\PICC;C:\Program Files\nodejs\;c:\altera\91sp2\quartus\bin;C:\Program Files\Microsoft SQL Server\Client SDK\ODBC\130\Tools\Binn\;C:\Program Files (x86)\Microsoft SQL Server\130\Tools\Binn\;C:\Program Files\Microsoft SQL Server\130\Tools\Binn\;C:\Program Files\Microsoft SQL Server\130\DTS\Binn\;C:\Program Files (x86)\Common Files\Siemens\;C:\Program Files (x86)\Common Files\Siemens\Interfaces;C:\Program Files (x86)\Common Files\Siemens\ACE\Interfaces;C:\Program Files (x86)\Microsoft SQL Server\100\Tools\Binn\;C:\Program Files\Microsoft SQL Server\100\Tools\Binn\;C:\Program Files\Microsoft SQL Server\100\DTS\Binn\;C:\Program Files\dotnet\;C:\Program Files (x86)\dotnet\;C:\Program Files (x86)\PICC;C:\Users\phongphamthuong\AppData\Local\Microsoft\WindowsApps;C:\Users\phongphamthuong\AppData\Roaming\npm;C:\Users\phongphamthuong\AppData\Local\Programs\Microsoft VS Code\bin;C:\Users\phongphamthuong\.dotnet\tools;C:\Program Files (x86)\Arduino\java\bin
USERNAME=phongphamthuong
OS=Windows_NT
PROCESSOR_IDENTIFIER=Intel64 Family 6 Model 142 Stepping 10, GenuineIntel



---------------  S Y S T E M  ---------------

OS: Windows 10.0 , 64 bit Build 19041 (10.0.19041.1348)

CPU:total 8 (initial active 8) (4 cores per cpu, 2 threads per core) family 6 model 142 stepping 10, cmov, cx8, fxsr, mmx, sse, sse2, sse3, ssse3, sse4.1, sse4.2, popcnt, avx, avx2, aes, clmul, erms, 3dnowpref, lzcnt, ht, tsc, tscinvbit, bmi1, bmi2, adx

Memory: 4k page, physical 8272100k(2563700k free), swap 12728548k(4046180k free)

vm_info: Java HotSpot(TM) Client VM (25.191-b12) for windows-x86 JRE (1.8.0_191-b12), built on Oct  6 2018 08:34:23 by "java_re" with MS VC++ 10.0 (VS2010)

time: Sat Dec 25 11:21:29 2021
elapsed time: 5893 seconds (0d 1h 38m 13s)

